\BOOKMARK [0][-]{dummy.1}{\376\377\000R\000e\000s\000u\000m\000e\000n}{}% 1
\BOOKMARK [0][-]{dummy.2}{\376\377\000A\000g\000r\000a\000d\000e\000c\000i\000m\000i\000e\000n\000t\000o\000s}{}% 2
\BOOKMARK [0][-]{dummy.4}{\376\377\000\315\000n\000d\000i\000c\000e\000\040\000d\000e\000\040\000F\000i\000g\000u\000r\000a\000s}{}% 3
\BOOKMARK [0][-]{dummy.6}{\376\377\000\315\000n\000d\000i\000c\000e\000\040\000o\000f\000\040\000T\000a\000b\000l\000a\000s}{}% 4
\BOOKMARK [0][-]{chapter.8}{\376\377\0001\000\040\000I\000n\000t\000r\000o\000d\000u\000c\000c\000i\000\363\000n}{}% 5
\BOOKMARK [0][-]{chapter.9}{\376\377\0002\000\040\000I\000n\000t\000e\000g\000r\000a\000l\000e\000s\000\040\000d\000e\000\040\000t\000r\000a\000y\000e\000c\000t\000o\000r\000i\000a\000\040\000e\000n\000\040\000e\000s\000p\000a\000c\000i\000o\000\040\000p\000l\000a\000n\000o\000.}{}% 6
\BOOKMARK [1][-]{section.16}{\376\377\0002\000.\0001\000\040\000L\000a\000\040\000e\000c\000u\000a\000c\000i\000\363\000n\000\040\000d\000e\000\040\000S\000c\000h\000r\000\366\000d\000i\000n\000g\000e\000r\000.}{chapter.9}% 7
\BOOKMARK [2][-]{subsection.30}{\376\377\0002\000.\0001\000.\0001\000\040\000T\000e\000o\000r\000\355\000a\000\040\000d\000e\000\040\000p\000e\000r\000t\000u\000r\000b\000a\000c\000i\000o\000n\000e\000s\000.}{section.16}% 8
\BOOKMARK [2][-]{subsection.44}{\376\377\0002\000.\0001\000.\0002\000\040\000M\000a\000t\000r\000i\000z\000\040\000S\000.}{section.16}% 9
\BOOKMARK [2][-]{subsection.62}{\376\377\0002\000.\0001\000.\0003\000\040\000P\000r\000o\000p\000i\000e\000d\000a\000d\000e\000s\000\040\000a\000d\000i\000c\000i\000o\000n\000a\000l\000e\000s\000\040\000d\000e\000\040\000l\000a\000s\000\040\000i\000n\000t\000e\000g\000r\000a\000l\000e\000s\000\040\000d\000e\000\040\000t\000r\000a\000y\000e\000c\000t\000o\000r\000i\000a\000.}{section.16}% 10
\BOOKMARK [1][-]{section.77}{\376\377\0002\000.\0002\000\040\000E\000l\000\040\000e\000x\000p\000e\000r\000i\000m\000e\000n\000t\000o\000\040\000d\000e\000\040\000l\000a\000\040\000d\000o\000b\000l\000e\000\040\000r\000e\000n\000d\000i\000j\000a\000.}{chapter.9}% 11
\BOOKMARK [2][-]{subsection.78}{\376\377\0002\000.\0002\000.\0001\000\040\000E\000l\000\040\000p\000r\000o\000p\000a\000g\000a\000d\000o\000r\000\040\000d\000e\000\040\000u\000n\000a\000\040\000p\000a\000r\000t\000\355\000c\000u\000l\000a\000\040\000l\000i\000b\000r\000e\000.}{section.77}% 12
\BOOKMARK [2][-]{subsection.85}{\376\377\0002\000.\0002\000.\0002\000\040\000E\000l\000\040\000p\000r\000o\000b\000l\000e\000m\000a\000\040\000d\000e\000\040\000d\000i\000f\000r\000a\000c\000c\000i\000\363\000n\000\040\000e\000\040\000i\000n\000t\000e\000r\000f\000e\000r\000e\000n\000c\000i\000a\000.}{section.77}% 13
\BOOKMARK [2][-]{subsection.97}{\376\377\0002\000.\0002\000.\0003\000\040\000D\000i\000f\000r\000a\000c\000c\000i\000\363\000n\000\040\000p\000o\000r\000\040\000u\000n\000a\000\040\000r\000e\000n\000d\000i\000j\000a\000.}{section.77}% 14
\BOOKMARK [2][-]{subsection.110}{\376\377\0002\000.\0002\000.\0004\000\040\000I\000n\000t\000e\000r\000f\000e\000r\000e\000n\000c\000i\000a\000\040\000y\000\040\000d\000i\000f\000r\000a\000c\000c\000i\000\363\000n\000\040\000p\000o\000r\000\040\000d\000o\000s\000\040\000r\000e\000n\000d\000i\000j\000a\000s\000.}{section.77}% 15
\BOOKMARK [1][-]{section.116}{\376\377\0002\000.\0003\000\040\000C\000a\000m\000p\000o\000s\000\040\000e\000s\000c\000a\000l\000a\000r\000e\000s\000.}{chapter.9}% 16
\BOOKMARK [2][-]{subsection.128}{\376\377\0002\000.\0003\000.\0001\000\040\000I\000n\000t\000e\000g\000r\000a\000c\000i\000\363\000n\000\040\000f\000u\000n\000c\000i\000o\000n\000a\000l\000.}{section.116}% 17
\BOOKMARK [2][-]{subsection.136}{\376\377\0002\000.\0003\000.\0002\000\040\000F\000u\000n\000c\000i\000o\000n\000e\000s\000\040\000d\000e\000\040\000G\000r\000e\000e\000n\000\040\000d\000e\000\040\000l\000a\000\040\000p\000a\000r\000t\000\355\000c\000u\000l\000a\000\040\000l\000i\000b\000r\000e\000.}{section.116}% 18
\BOOKMARK [2][-]{subsection.162}{\376\377\0002\000.\0003\000.\0003\000\040\000F\000u\000n\000c\000i\000o\000n\000a\000l\000\040\000g\000e\000n\000e\000r\000a\000t\000r\000i\000z\000\040\000p\000a\000r\000a\000\040\000c\000a\000m\000p\000o\000s\000\040\000i\000n\000t\000e\000r\000a\000c\000t\000u\000a\000n\000t\000e\000s\000.}{section.116}% 19
\BOOKMARK [1][-]{section.180}{\376\377\0002\000.\0004\000\040\000C\000a\000m\000p\000o\000s\000\040\000f\000e\000r\000m\000i\000\363\000n\000i\000c\000o\000s\000.}{chapter.9}% 20
\BOOKMARK [2][-]{subsection.206}{\376\377\0002\000.\0004\000.\0001\000\040\000L\000a\000\040\000m\000a\000t\000r\000i\000z\000\040\000S\000\040\000y\000\040\000l\000a\000\040\000f\000\363\000r\000m\000u\000l\000a\000\040\000d\000e\000\040\000r\000e\000d\000u\000c\000c\000i\000\363\000n\000.}{section.180}% 21
\BOOKMARK [1][-]{section.238}{\376\377\0002\000.\0005\000\040\000T\000e\000o\000r\000\355\000a\000s\000\040\000G\000a\000u\000g\000e\000\040\000y\000\040\000c\000a\000m\000p\000o\000s\000\040\000d\000e\000\040\000Y\000a\000n\000g\000-\000M\000i\000l\000l\000s}{chapter.9}% 22
\BOOKMARK [2][-]{subsection.242}{\376\377\0002\000.\0005\000.\0001\000\040\000U\000n\000\040\000e\000j\000e\000m\000p\000l\000o\000:\000\040\000I\000n\000t\000e\000g\000r\000a\000c\000i\000\363\000n\000\040\000e\000n\000\040\0002\000D\000.}{section.238}% 23
\BOOKMARK [2][-]{subsection.258}{\376\377\0002\000.\0005\000.\0002\000\040\000E\000l\000\040\000m\000\351\000t\000o\000d\000o\000\040\000d\000e\000\040\000F\000a\000d\000d\000e\000v\000v\000-\000P\000o\000p\000o\000v\000.}{section.238}% 24
\BOOKMARK [0][-]{chapter.279}{\376\377\0003\000\040\000I\000n\000t\000e\000g\000r\000a\000l\000e\000s\000\040\000d\000e\000\040\000t\000r\000a\000y\000e\000c\000t\000o\000r\000i\000a\000\040\000e\000n\000\040\000e\000s\000p\000a\000c\000i\000o\000s\000\040\000c\000u\000r\000v\000o\000s\000.}{}% 25
\BOOKMARK [1][-]{section.280}{\376\377\0003\000.\0001\000\040\000T\000e\000o\000r\000\355\000a\000\040\000c\000l\000\341\000s\000i\000c\000a\000\040\000d\000e\000\040\000c\000a\000m\000p\000o\000s\000\040\000e\000n\000\040\000e\000s\000p\000a\000c\000i\000o\000s\000\040\000c\000u\000r\000v\000o\000s\000.}{chapter.279}% 26
\BOOKMARK [2][-]{subsection.281}{\376\377\0003\000.\0001\000.\0001\000\040\000C\000a\000s\000o\000\040\000a\000b\000e\000l\000i\000a\000n\000o\000.}{section.280}% 27
\BOOKMARK [2][-]{subsection.298}{\376\377\0003\000.\0001\000.\0002\000\040\000C\000a\000s\000o\000\040\000N\000o\000-\000a\000b\000e\000l\000i\000a\000n\000o\000.}{section.280}% 28
\BOOKMARK [2][-]{subsection.318}{\376\377\0003\000.\0001\000.\0003\000\040\000L\000a\000\040\000s\000i\000m\000e\000t\000r\000\355\000a\000\040\000d\000e\000\040\000L\000o\000r\000e\000n\000t\000z\000\040\000c\000o\000m\000o\000\040\000t\000e\000o\000r\000\355\000a\000\040\000G\000a\000u\000g\000e\000.}{section.280}% 29
\BOOKMARK [2][-]{subsection.337}{\376\377\0003\000.\0001\000.\0004\000\040\000L\000a\000\040\000e\000c\000u\000a\000c\000i\000\363\000n\000\040\000d\000e\000\040\000D\000i\000r\000a\000c\000\040\000e\000n\000\040\000e\000l\000\040\000e\000s\000p\000a\000c\000i\000o\000\040\000d\000e\000\040\000S\000c\000h\000w\000a\000r\000z\000s\000c\000h\000i\000l\000d\000.}{section.280}% 30
\BOOKMARK [1][-]{section.352}{\376\377\0003\000.\0002\000\040\000L\000a\000\040\000e\000c\000u\000a\000c\000i\000\363\000n\000\040\000d\000e\000\040\000S\000c\000h\000r\000\366\000d\000i\000n\000g\000e\000r\000\040\000e\000n\000\040\000e\000s\000p\000a\000c\000i\000o\000\040\000c\000u\000r\000v\000o\000.}{chapter.279}% 31
\BOOKMARK [2][-]{subsection.353}{\376\377\0003\000.\0002\000.\0001\000\040\000E\000l\000\040\000p\000r\000o\000b\000l\000e\000m\000a\000\040\000d\000e\000l\000\040\000o\000r\000d\000e\000n\000a\000m\000i\000e\000n\000t\000o\000.}{section.352}% 32
\BOOKMARK [2][-]{subsection.364}{\376\377\0003\000.\0002\000.\0002\000\040\000O\000r\000d\000e\000n\000a\000m\000i\000e\000n\000t\000o\000\040\000d\000e\000\040\000W\000e\000y\000l\000.}{section.352}% 33
\BOOKMARK [1][-]{section.387}{\376\377\0003\000.\0003\000\040\000T\000r\000a\000n\000s\000f\000o\000r\000m\000a\000c\000i\000o\000n\000e\000s\000\040\000d\000e\000\040\000c\000o\000o\000r\000d\000e\000n\000a\000d\000a\000s\000.}{chapter.279}% 34
\BOOKMARK [2][-]{subsection.394}{\376\377\0003\000.\0003\000.\0001\000\040\000T\000r\000a\000n\000s\000f\000o\000r\000m\000a\000c\000i\000o\000n\000e\000s\000\040\000d\000e\000\040\000c\000o\000o\000r\000d\000e\000n\000a\000d\000a\000s\000\040\000e\000\040\000i\000n\000t\000r\000e\000g\000r\000a\000l\000e\000s\000\040\000d\000e\000\040\000t\000r\000a\000y\000e\000c\000t\000o\000r\000i\000a\000.}{section.387}% 35
\BOOKMARK [2][-]{subsection.407}{\376\377\0003\000.\0003\000.\0002\000\040\000I\000n\000t\000e\000g\000r\000a\000l\000e\000s\000\040\000d\000e\000\040\000t\000r\000a\000y\000e\000c\000t\000o\000r\000i\000a\000\040\000e\000n\000\040\000c\000o\000o\000r\000d\000e\000n\000a\000d\000a\000s\000\040\000p\000o\000l\000a\000r\000e\000s\000.}{section.387}% 36
\BOOKMARK [1][-]{section.413}{\376\377\0003\000.\0004\000\040\000E\000l\000\040\000\341\000t\000o\000m\000o\000\040\000d\000e\000\040\000H\000i\000d\000r\000\363\000g\000e\000n\000o\000\040\000v\000\355\000a\000\040\000i\000n\000t\000e\000g\000r\000a\000l\000e\000s\000\040\000d\000e\000\040\000t\000r\000a\000y\000e\000c\000t\000o\000r\000i\000a\000.}{chapter.279}% 37
\BOOKMARK [1][-]{section.414}{\376\377\0003\000.\0005\000\040\000E\000l\000\040\000p\000r\000o\000p\000a\000g\000a\000d\000o\000r\000\040\000p\000a\000r\000a\000\040\000e\000l\000\040\000e\000f\000e\000c\000t\000o\000\040\000S\000a\000g\000n\000a\000c\000.}{chapter.279}% 38
\BOOKMARK [0][-]{chapter.415}{\376\377\0004\000\040\000B\000i\000b\000l\000i\000o\000g\000r\000a\000f\000\355\000a\000.}{}% 39
