This is pdfTeX, Version 3.14159265-2.6-1.40.16 (MiKTeX 2.9) (preloaded format=pdflatex 2016.3.30)  25 MAY 2016 20:45
entering extended mode
**Chapter4.tex
(Chapter4.tex
LaTeX2e <2015/01/01> patch level 2
Babel <3.9m> and hyphenation patterns for 69 languages loaded.
! Undefined control sequence.
l.1 \chapter
            {Bibliograf√≠a.}
The control sequence at the end of the top line
of your error message was never \def'ed. If you have
misspelled it (e.g., `\hobx'), type `I' and the correct
spelling (e.g., `I\hbox'). Otherwise just continue,
and I'll forget about whatever was undefined.


! LaTeX Error: Missing \begin{document}.

See the LaTeX manual or LaTeX Companion for explanation.
Type  H <return>  for immediate help.
 ...                                              
                                                  
l.1 \chapter{B
              ibliograf√≠a.}
You're in trouble here.  Try typing  <return>  to proceed.
If that doesn't work, type  X <return>  to quit.

Missing character: There is no B in font nullfont!
Missing character: There is no i in font nullfont!
Missing character: There is no b in font nullfont!
Missing character: There is no l in font nullfont!
Missing character: There is no i in font nullfont!
Missing character: There is no o in font nullfont!
Missing character: There is no g in font nullfont!
Missing character: There is no r in font nullfont!
Missing character: There is no a in font nullfont!
Missing character: There is no f in font nullfont!
Missing character: There is no √ in font nullfont!
Missing character: There is no ≠ in font nullfont!
Missing character: There is no a in font nullfont!
Missing character: There is no . in font nullfont!

Overfull \hbox (20.0pt too wide) in paragraph at lines 1--2
[] 
 []

Missing character: There is no [ in font nullfont!
Missing character: There is no 1 in font nullfont!
Missing character: There is no ] in font nullfont!
Missing character: There is no C in font nullfont!
Missing character: There is no . in font nullfont!
Missing character: There is no C in font nullfont!
Missing character: There is no o in font nullfont!
Missing character: There is no h in font nullfont!
Missing character: There is no e in font nullfont!
Missing character: There is no n in font nullfont!
Missing character: There is no - in font nullfont!
Missing character: There is no T in font nullfont!
Missing character: There is no a in font nullfont!
Missing character: There is no n in font nullfont!
Missing character: There is no n in font nullfont!
Missing character: There is no u in font nullfont!
Missing character: There is no d in font nullfont!
Missing character: There is no j in font nullfont!
Missing character: There is no i in font nullfont!
Missing character: There is no , in font nullfont!
Missing character: There is no B in font nullfont!
Missing character: There is no . in font nullfont!
Missing character: There is no D in font nullfont!
Missing character: There is no i in font nullfont!
Missing character: There is no u in font nullfont!
Missing character: There is no ; in font nullfont!
Missing character: There is no ; in font nullfont!
Missing character: There is no W in font nullfont!
Missing character: There is no i in font nullfont!
Missing character: There is no l in font nullfont!
Missing character: There is no e in font nullfont!
Missing character: There is no y in font nullfont!
Missing character: There is no , in font nullfont!
Missing character: There is no N in font nullfont!
Missing character: There is no e in font nullfont!
Missing character: There is no w in font nullfont!
Missing character: There is no - in font nullfont!
Missing character: There is no Y in font nullfont!
Missing character: There is no o in font nullfont!
Missing character: There is no r in font nullfont!
Missing character: There is no k in font nullfont!
Missing character: There is no , in font nullfont!
Missing character: There is no ( in font nullfont!
Missing character: There is no 1 in font nullfont!
Missing character: There is no 9 in font nullfont!
Missing character: There is no 9 in font nullfont!
Missing character: There is no 1 in font nullfont!
Missing character: There is no ) in font nullfont!
Missing character: There is no . in font nullfont!

Overfull \hbox (27.34428pt too wide) in paragraph at lines 3--4
\OT1/cmr/m/it/10 Quan-
 []


Overfull \hbox (16.86656pt too wide) in paragraph at lines 3--4
\OT1/cmr/m/it/10 tum
 []


Overfull \hbox (17.14432pt too wide) in paragraph at lines 3--4
\OT1/cmr/m/it/10 Me-
 []


Overfull \hbox (24.02206pt too wide) in paragraph at lines 3--4
\OT1/cmr/m/it/10 chan-
 []


Overfull \hbox (14.82213pt too wide) in paragraph at lines 3--4
\OT1/cmr/m/it/10 ics,
 []


Overfull \hbox (17.911pt too wide) in paragraph at lines 3--4
\OT1/cmr/m/it/10 Vol-
 []


Overfull \hbox (18.14433pt too wide) in paragraph at lines 3--4
\OT1/cmr/m/it/10 ume
 []


Overfull \hbox (17.88878pt too wide) in paragraph at lines 3--4
\OT1/cmr/m/it/10 One
 []

Missing character: There is no [ in font nullfont!
Missing character: There is no 2 in font nullfont!
Missing character: There is no ] in font nullfont!
Missing character: There is no M in font nullfont!
Missing character: There is no a in font nullfont!
Missing character: There is no t in font nullfont!
Missing character: There is no h in font nullfont!
Missing character: There is no i in font nullfont!
Missing character: There is no e in font nullfont!
Missing character: There is no u in font nullfont!
Missing character: There is no B in font nullfont!
Missing character: There is no e in font nullfont!
Missing character: There is no a in font nullfont!
Missing character: There is no u in font nullfont!
Missing character: There is no ; in font nullfont!
Missing character: There is no ; in font nullfont!
Missing character: There is no . in font nullfont!

Overfull \hbox (24.41647pt too wide) in paragraph at lines 4--5
\OT1/cmr/m/it/10 Feyn-
 []


Overfull \hbox (18.91101pt too wide) in paragraph at lines 4--5
\OT1/cmr/m/it/10 man
 []


Overfull \hbox (13.05547pt too wide) in paragraph at lines 4--5
\OT1/cmr/m/it/10 In-
 []


Overfull \hbox (11.4999pt too wide) in paragraph at lines 4--5
\OT1/cmr/m/it/10 te-
 []


Overfull \hbox (15.97209pt too wide) in paragraph at lines 4--5
\OT1/cmr/m/it/10 gral
 []


Overfull \hbox (15.84436pt too wide) in paragraph at lines 4--5
\OT1/cmr/m/it/10 and
 []


Overfull \hbox (35.522pt too wide) in paragraph at lines 4--5
\OT1/cmr/m/it/10 one/two
 []


Overfull \hbox (17.12212pt too wide) in paragraph at lines 4--5
\OT1/cmr/m/it/10 slits
 []


Overfull \hbox (19.42204pt too wide) in paragraph at lines 4--5
\OT1/cmr/m/it/10 elec-
 []


Overfull \hbox (21.84984pt too wide) in paragraph at lines 4--5
\OT1/cmr/m/it/10 trons
 []


Overfull \hbox (31.30531pt too wide) in paragraph at lines 4--5
\OT1/cmr/m/it/10 diffrac-
 []


Overfull \hbox (17.12212pt too wide) in paragraph at lines 4--5
\OT1/cmr/m/it/10 tion
 []


Overfull \hbox (3.06665pt too wide) in paragraph at lines 4--5
\OT1/cmr/m/it/10 :
 []


Overfull \hbox (10.73328pt too wide) in paragraph at lines 4--5
\OT1/cmr/m/it/10 an
 []


Overfull \hbox (14.31102pt too wide) in paragraph at lines 4--5
\OT1/cmr/m/it/10 an-
 []


Overfull \hbox (8.68883pt too wide) in paragraph at lines 4--5
\OT1/cmr/m/it/10 a-
 []


Overfull \hbox (18.39986pt too wide) in paragraph at lines 4--5
\OT1/cmr/m/it/10 lytic
 []


Overfull \hbox (22.7443pt too wide) in paragraph at lines 4--5
\OT1/cmr/m/it/10 study
 []


Overfull \hbox (89.24922pt too wide) in paragraph at lines 4--5
\OT1/cmtt/m/n/10 arXiv:1110.2346v3 
 []

Missing character: There is no [ in font nullfont!
Missing character: There is no 3 in font nullfont!
Missing character: There is no ] in font nullfont!
Missing character: There is no L in font nullfont!
Missing character: There is no . in font nullfont!
Missing character: There is no D in font nullfont!
Missing character: There is no . in font nullfont!
Missing character: There is no F in font nullfont!
Missing character: There is no a in font nullfont!
Missing character: There is no d in font nullfont!
Missing character: There is no d in font nullfont!
Missing character: There is no e in font nullfont!
Missing character: There is no e in font nullfont!
Missing character: There is no v in font nullfont!
Missing character: There is no , in font nullfont!
Missing character: There is no V in font nullfont!
Missing character: There is no . in font nullfont!
Missing character: There is no N in font nullfont!
Missing character: There is no . in font nullfont!
Missing character: There is no P in font nullfont!
Missing character: There is no o in font nullfont!
Missing character: There is no p in font nullfont!
Missing character: There is no o in font nullfont!
Missing character: There is no v in font nullfont!
Missing character: There is no ; in font nullfont!
Missing character: There is no ; in font nullfont!
Missing character: There is no P in font nullfont!
Missing character: There is no h in font nullfont!
Missing character: There is no y in font nullfont!
Missing character: There is no s in font nullfont!
Missing character: There is no i in font nullfont!
Missing character: There is no c in font nullfont!
Missing character: There is no s in font nullfont!
Missing character: There is no L in font nullfont!
Missing character: There is no e in font nullfont!
Missing character: There is no t in font nullfont!
Missing character: There is no t in font nullfont!
Missing character: There is no e in font nullfont!
Missing character: There is no r in font nullfont!
Missing character: There is no s in font nullfont!
Missing character: There is no B in font nullfont!
Missing character: There is no V in font nullfont!
Missing character: There is no o in font nullfont!
Missing character: There is no l in font nullfont!
Missing character: There is no u in font nullfont!
Missing character: There is no m in font nullfont!
Missing character: There is no e in font nullfont!
Missing character: There is no 2 in font nullfont!
Missing character: There is no 5 in font nullfont!
Missing character: There is no , in font nullfont!
Missing character: There is no I in font nullfont!
Missing character: There is no s in font nullfont!
Missing character: There is no s in font nullfont!
Missing character: There is no u in font nullfont!
Missing character: There is no e in font nullfont!
Missing character: There is no 1 in font nullfont!
Missing character: There is no , in font nullfont!
Missing character: There is no 2 in font nullfont!
Missing character: There is no 4 in font nullfont!
Missing character: There is no J in font nullfont!
Missing character: There is no u in font nullfont!
Missing character: There is no l in font nullfont!
Missing character: There is no y in font nullfont!
Missing character: There is no 1 in font nullfont!
Missing character: There is no 9 in font nullfont!
Missing character: There is no 6 in font nullfont!
Missing character: There is no 7 in font nullfont!
Missing character: There is no , in font nullfont!
Missing character: There is no P in font nullfont!
Missing character: There is no a in font nullfont!
Missing character: There is no g in font nullfont!
Missing character: There is no e in font nullfont!
Missing character: There is no s in font nullfont!
Missing character: There is no 2 in font nullfont!
Missing character: There is no 9 in font nullfont!
Missing character: There is no - in font nullfont!
Missing character: There is no 3 in font nullfont!
Missing character: There is no 0 in font nullfont!
Missing character: There is no . in font nullfont!

Overfull \hbox (24.41647pt too wide) in paragraph at lines 5--6
\OT1/cmr/m/it/10 Feyn-
 []


Overfull \hbox (18.91101pt too wide) in paragraph at lines 5--6
\OT1/cmr/m/it/10 man
 []


Overfull \hbox (11.75548pt too wide) in paragraph at lines 5--6
\OT1/cmr/m/it/10 di-
 []


Overfull \hbox (8.68883pt too wide) in paragraph at lines 5--6
\OT1/cmr/m/it/10 a-
 []


Overfull \hbox (25.68315pt too wide) in paragraph at lines 5--6
\OT1/cmr/m/it/10 grams
 []


Overfull \hbox (12.39436pt too wide) in paragraph at lines 5--6
\OT1/cmr/m/it/10 for
 []


Overfull \hbox (13.03323pt too wide) in paragraph at lines 5--6
\OT1/cmr/m/it/10 the
 []


Overfull \hbox (25.5776pt too wide) in paragraph at lines 5--6
\OT1/cmr/m/it/10 Yang-
 []


Overfull \hbox (21.74432pt too wide) in paragraph at lines 5--6
\OT1/cmr/m/it/10 Mills
 []


Overfull \hbox (17.88878pt too wide) in paragraph at lines 5--6
\OT1/cmr/m/it/10 field
 []

Missing character: There is no [ in font nullfont!
Missing character: There is no 4 in font nullfont!
Missing character: There is no ] in font nullfont!
Missing character: There is no L in font nullfont!
Missing character: There is no e in font nullfont!
Missing character: There is no w in font nullfont!
Missing character: There is no i in font nullfont!
Missing character: There is no s in font nullfont!
Missing character: There is no H in font nullfont!
Missing character: There is no . in font nullfont!
Missing character: There is no R in font nullfont!
Missing character: There is no y in font nullfont!
Missing character: There is no d in font nullfont!
Missing character: There is no e in font nullfont!
Missing character: There is no r in font nullfont!
Missing character: There is no ; in font nullfont!
Missing character: There is no ; in font nullfont!
Missing character: There is no S in font nullfont!
Missing character: There is no e in font nullfont!
Missing character: There is no c in font nullfont!
Missing character: There is no o in font nullfont!
Missing character: There is no n in font nullfont!
Missing character: There is no d in font nullfont!
Missing character: There is no E in font nullfont!
Missing character: There is no d in font nullfont!
Missing character: There is no i in font nullfont!
Missing character: There is no t in font nullfont!
Missing character: There is no i in font nullfont!
Missing character: There is no o in font nullfont!
Missing character: There is no n in font nullfont!
Missing character: There is no ( in font nullfont!
Missing character: There is no 1 in font nullfont!
Missing character: There is no 9 in font nullfont!
Missing character: There is no 9 in font nullfont!
Missing character: There is no 6 in font nullfont!
Missing character: There is no ) in font nullfont!

Overfull \hbox (27.34428pt too wide) in paragraph at lines 6--7
\OT1/cmr/m/it/10 Quan-
 []


Overfull \hbox (16.86656pt too wide) in paragraph at lines 6--7
\OT1/cmr/m/it/10 tum
 []


Overfull \hbox (21.86096pt too wide) in paragraph at lines 6--7
\OT1/cmr/m/it/10 Field
 []


Overfull \hbox (20.44429pt too wide) in paragraph at lines 6--7
\OT1/cmr/m/it/10 The-
 []


Overfull \hbox (15.06795pt too wide) in paragraph at lines 6--7
\OT1/cmr/m/it/10 ory 
 []

Missing character: There is no [ in font nullfont!
Missing character: There is no 5 in font nullfont!
Missing character: There is no ] in font nullfont!
Missing character: There is no M in font nullfont!
Missing character: There is no N in font nullfont!
Missing character: There is no a in font nullfont!
Missing character: There is no k in font nullfont!
Missing character: There is no a in font nullfont!
Missing character: There is no h in font nullfont!
Missing character: There is no a in font nullfont!
Missing character: There is no r in font nullfont!
Missing character: There is no a in font nullfont!
Missing character: There is no ; in font nullfont!
Missing character: There is no ; in font nullfont!
Missing character: There is no S in font nullfont!
Missing character: There is no e in font nullfont!
Missing character: There is no c in font nullfont!
Missing character: There is no o in font nullfont!
Missing character: There is no n in font nullfont!
Missing character: There is no d in font nullfont!
Missing character: There is no E in font nullfont!
Missing character: There is no d in font nullfont!
Missing character: There is no i in font nullfont!
Missing character: There is no t in font nullfont!
Missing character: There is no i in font nullfont!
Missing character: There is no o in font nullfont!
Missing character: There is no n in font nullfont!
Missing character: There is no ( in font nullfont!
Missing character: There is no 2 in font nullfont!
Missing character: There is no 0 in font nullfont!
Missing character: There is no 0 in font nullfont!
Missing character: There is no 3 in font nullfont!
Missing character: There is no ) in font nullfont!

Overfull \hbox (15.91377pt too wide) in paragraph at lines 7--8
\OT1/cmr/m/it/10 Ge-
 []


Overfull \hbox (16.86656pt too wide) in paragraph at lines 7--8
\OT1/cmr/m/it/10 om-
 []


Overfull \hbox (8.1777pt too wide) in paragraph at lines 7--8
\OT1/cmr/m/it/10 e-
 []


Overfull \hbox (15.46098pt too wide) in paragraph at lines 7--8
\OT1/cmr/m/it/10 try,
 []


Overfull \hbox (27.34425pt too wide) in paragraph at lines 7--8
\OT1/cmr/m/it/10 Topol-
 []


Overfull \hbox (14.05544pt too wide) in paragraph at lines 7--8
\OT1/cmr/m/it/10 ogy
 []


Overfull \hbox (15.84436pt too wide) in paragraph at lines 7--8
\OT1/cmr/m/it/10 and
 []


Overfull \hbox (33.41505pt too wide) in paragraph at lines 7--8
\OT1/cmr/m/it/10 Physics 
 []

Missing character: There is no [ in font nullfont!
Missing character: There is no 6 in font nullfont!
Missing character: There is no ] in font nullfont!
Missing character: There is no C in font nullfont!
Missing character: There is no . in font nullfont!
Missing character: There is no N in font nullfont!
Missing character: There is no Y in font nullfont!
Missing character: There is no a in font nullfont!
Missing character: There is no n in font nullfont!
Missing character: There is no g in font nullfont!
Missing character: There is no , in font nullfont!
Missing character: There is no R in font nullfont!
Missing character: There is no . in font nullfont!
Missing character: There is no L in font nullfont!
Missing character: There is no M in font nullfont!
Missing character: There is no i in font nullfont!
Missing character: There is no l in font nullfont!
Missing character: There is no l in font nullfont!
Missing character: There is no s in font nullfont!
Missing character: There is no ; in font nullfont!
Missing character: There is no ; in font nullfont!
Missing character: There is no P in font nullfont!
Missing character: There is no h in font nullfont!
Missing character: There is no y in font nullfont!
Missing character: There is no s in font nullfont!
Missing character: There is no . in font nullfont!
Missing character: There is no R in font nullfont!
Missing character: There is no e in font nullfont!
Missing character: There is no v in font nullfont!
Missing character: There is no . in font nullfont!
Missing character: There is no 9 in font nullfont!
Missing character: There is no 6 in font nullfont!
Missing character: There is no , in font nullfont!
Missing character: There is no 1 in font nullfont!
Missing character: There is no 9 in font nullfont!
Missing character: There is no 1 in font nullfont!
Missing character: There is no ‚ in font nullfont!
Missing character: There is no Ä in font nullfont!
Missing character: There is no ì in font nullfont!
Missing character: There is no P in font nullfont!
Missing character: There is no u in font nullfont!
Missing character: There is no b in font nullfont!
Missing character: There is no l in font nullfont!
Missing character: There is no i in font nullfont!
Missing character: There is no s in font nullfont!
Missing character: There is no h in font nullfont!
Missing character: There is no e in font nullfont!
Missing character: There is no d in font nullfont!
Missing character: There is no 1 in font nullfont!
Missing character: There is no O in font nullfont!
Missing character: There is no c in font nullfont!
Missing character: There is no t in font nullfont!
Missing character: There is no o in font nullfont!
Missing character: There is no b in font nullfont!
Missing character: There is no e in font nullfont!
Missing character: There is no r in font nullfont!
Missing character: There is no 1 in font nullfont!
Missing character: There is no 9 in font nullfont!
Missing character: There is no 5 in font nullfont!
Missing character: There is no 4 in font nullfont!
Missing character: There is no . in font nullfont!

Overfull \hbox (21.46652pt too wide) in paragraph at lines 8--9
\OT1/cmr/m/it/10 Con-
 []


Overfull \hbox (16.4832pt too wide) in paragraph at lines 8--9
\OT1/cmr/m/it/10 ser-
 []


Overfull \hbox (13.28879pt too wide) in paragraph at lines 8--9
\OT1/cmr/m/it/10 va-
 []


Overfull \hbox (17.12212pt too wide) in paragraph at lines 8--9
\OT1/cmr/m/it/10 tion
 []


Overfull \hbox (8.17773pt too wide) in paragraph at lines 8--9
\OT1/cmr/m/it/10 of
 []


Overfull \hbox (16.63322pt too wide) in paragraph at lines 8--9
\OT1/cmr/m/it/10 Iso-
 []


Overfull \hbox (21.21097pt too wide) in paragraph at lines 8--9
\OT1/cmr/m/it/10 topic
 []


Overfull \hbox (19.42212pt too wide) in paragraph at lines 8--9
\OT1/cmr/m/it/10 Spin
 []


Overfull \hbox (15.84436pt too wide) in paragraph at lines 8--9
\OT1/cmr/m/it/10 and
 []


Overfull \hbox (16.63322pt too wide) in paragraph at lines 8--9
\OT1/cmr/m/it/10 Iso-
 []


Overfull \hbox (21.21097pt too wide) in paragraph at lines 8--9
\OT1/cmr/m/it/10 topic
 []


Overfull \hbox (27.41371pt too wide) in paragraph at lines 8--9
\OT1/cmr/m/it/10 Gauge
 []


Overfull \hbox (13.05547pt too wide) in paragraph at lines 8--9
\OT1/cmr/m/it/10 In-
 []


Overfull \hbox (20.57207pt too wide) in paragraph at lines 8--9
\OT1/cmr/m/it/10 vari-
 []


Overfull \hbox (19.42207pt too wide) in paragraph at lines 8--9
\OT1/cmr/m/it/10 ance
 []

Missing character: There is no [ in font nullfont!
Missing character: There is no 7 in font nullfont!
Missing character: There is no ] in font nullfont!
Missing character: There is no H in font nullfont!
Missing character: There is no e in font nullfont!
Missing character: There is no r in font nullfont!
Missing character: There is no m in font nullfont!
Missing character: There is no a in font nullfont!
Missing character: There is no n in font nullfont!
Missing character: There is no n in font nullfont!
Missing character: There is no W in font nullfont!
Missing character: There is no e in font nullfont!
Missing character: There is no y in font nullfont!
Missing character: There is no l in font nullfont!
Missing character: There is no ; in font nullfont!
Missing character: There is no ; in font nullfont!
Missing character: There is no Z in font nullfont!
Missing character: There is no e in font nullfont!
Missing character: There is no i in font nullfont!
Missing character: There is no t in font nullfont!
Missing character: There is no s in font nullfont!
Missing character: There is no c in font nullfont!
Missing character: There is no h in font nullfont!
Missing character: There is no r in font nullfont!
Missing character: There is no i in font nullfont!
Missing character: There is no f in font nullfont!
Missing character: There is no t in font nullfont!
Missing character: There is no f in font nullfont!
Missing character: There is no √ in font nullfont!
Missing character: There is no º in font nullfont!
Missing character: There is no r in font nullfont!
Missing character: There is no P in font nullfont!
Missing character: There is no h in font nullfont!
Missing character: There is no y in font nullfont!
Missing character: There is no s in font nullfont!
Missing character: There is no i in font nullfont!
Missing character: There is no k in font nullfont!
Missing character: There is no , in font nullfont!
Missing character: There is no M in font nullfont!
Missing character: There is no a in font nullfont!
Missing character: There is no y in font nullfont!
Missing character: There is no 1 in font nullfont!
Missing character: There is no 9 in font nullfont!
Missing character: There is no 2 in font nullfont!
Missing character: There is no 9 in font nullfont!
Missing character: There is no , in font nullfont!
Missing character: There is no V in font nullfont!
Missing character: There is no o in font nullfont!
Missing character: There is no l in font nullfont!
Missing character: There is no u in font nullfont!
Missing character: There is no m in font nullfont!
Missing character: There is no e in font nullfont!
Missing character: There is no 5 in font nullfont!
Missing character: There is no 6 in font nullfont!
Missing character: There is no , in font nullfont!
Missing character: There is no I in font nullfont!
Missing character: There is no s in font nullfont!
Missing character: There is no s in font nullfont!
Missing character: There is no u in font nullfont!
Missing character: There is no e in font nullfont!
Missing character: There is no 5 in font nullfont!
Missing character: There is no , in font nullfont!
Missing character: There is no p in font nullfont!
Missing character: There is no p in font nullfont!
Missing character: There is no 3 in font nullfont!
Missing character: There is no 3 in font nullfont!
Missing character: There is no 0 in font nullfont!
Missing character: There is no - in font nullfont!
Missing character: There is no 3 in font nullfont!
Missing character: There is no 5 in font nullfont!
Missing character: There is no 2 in font nullfont!
Missing character: There is no . in font nullfont!

Overfull \hbox (22.1165pt too wide) in paragraph at lines 9--10
\OT1/cmr/m/it/10 Elek-
 []


Overfull \hbox (17.76097pt too wide) in paragraph at lines 9--10
\OT1/cmr/m/it/10 tron
 []


Overfull \hbox (16.09991pt too wide) in paragraph at lines 9--10
\OT1/cmr/m/it/10 und
 []


Overfull \hbox (24.73036pt too wide) in paragraph at lines 9--10
\OT1/cmr/m/it/10 Grav-
 []


Overfull \hbox (6.6444pt too wide) in paragraph at lines 9--10
\OT1/cmr/m/it/10 i-
 []


Overfull \hbox (12.01102pt too wide) in paragraph at lines 9--10
\OT1/cmr/m/it/10 ta-
 []


Overfull \hbox (20.18877pt too wide) in paragraph at lines 9--10
\OT1/cmr/m/it/10 tion.
 []


Overfull \hbox (3.85553pt too wide) in paragraph at lines 9--10
\OT1/cmr/m/it/10 I
 []

Missing character: There is no [ in font nullfont!
Missing character: There is no 8 in font nullfont!
Missing character: There is no ] in font nullfont!
Missing character: There is no R in font nullfont!
Missing character: There is no . in font nullfont!
Missing character: There is no M in font nullfont!
Missing character: There is no . in font nullfont!
Missing character: There is no W in font nullfont!
Missing character: There is no a in font nullfont!
Missing character: There is no l in font nullfont!
Missing character: There is no d in font nullfont!
Missing character: There is no . in font nullfont!
Missing character: There is no ; in font nullfont!
Missing character: There is no ; in font nullfont!
Missing character: There is no U in font nullfont!
Missing character: There is no n in font nullfont!
Missing character: There is no i in font nullfont!
Missing character: There is no v in font nullfont!
Missing character: There is no e in font nullfont!
Missing character: There is no r in font nullfont!
Missing character: There is no s in font nullfont!
Missing character: There is no i in font nullfont!
Missing character: There is no t in font nullfont!
Missing character: There is no y in font nullfont!
Missing character: There is no o in font nullfont!
Missing character: There is no f in font nullfont!
Missing character: There is no C in font nullfont!
Missing character: There is no h in font nullfont!
Missing character: There is no i in font nullfont!
Missing character: There is no c in font nullfont!
Missing character: There is no a in font nullfont!
Missing character: There is no g in font nullfont!
Missing character: There is no o in font nullfont!
Missing character: There is no P in font nullfont!
Missing character: There is no r in font nullfont!
Missing character: There is no e in font nullfont!
Missing character: There is no s in font nullfont!
Missing character: There is no s in font nullfont!
Missing character: There is no , in font nullfont!
Missing character: There is no ( in font nullfont!
Missing character: There is no 1 in font nullfont!
Missing character: There is no 9 in font nullfont!
Missing character: There is no 8 in font nullfont!
Missing character: There is no 4 in font nullfont!
Missing character: There is no ) in font nullfont!
Missing character: There is no . in font nullfont!

Overfull \hbox (21.53596pt too wide) in paragraph at lines 10--11
\OT1/cmr/m/it/10 Gen-
 []


Overfull \hbox (15.97209pt too wide) in paragraph at lines 10--11
\OT1/cmr/m/it/10 eral
 []


Overfull \hbox (17.51653pt too wide) in paragraph at lines 10--11
\OT1/cmr/m/it/10 Rel-
 []


Overfull \hbox (8.68883pt too wide) in paragraph at lines 10--11
\OT1/cmr/m/it/10 a-
 []


Overfull \hbox (14.56654pt too wide) in paragraph at lines 10--11
\OT1/cmr/m/it/10 tiv-
 []


Overfull \hbox (14.311pt too wide) in paragraph at lines 10--11
\OT1/cmr/m/it/10 ity.
 []

Missing character: There is no [ in font nullfont!
Missing character: There is no 9 in font nullfont!
Missing character: There is no ] in font nullfont!
Missing character: There is no B in font nullfont!
Missing character: There is no r in font nullfont!
Missing character: There is no y in font nullfont!
Missing character: There is no c in font nullfont!
Missing character: There is no e in font nullfont!
Missing character: There is no D in font nullfont!
Missing character: There is no e in font nullfont!
Missing character: There is no W in font nullfont!
Missing character: There is no i in font nullfont!
Missing character: There is no t in font nullfont!
Missing character: There is no t in font nullfont!
Missing character: There is no ; in font nullfont!
Missing character: There is no ; in font nullfont!
Missing character: There is no R in font nullfont!
Missing character: There is no e in font nullfont!
Missing character: There is no v in font nullfont!
Missing character: There is no i in font nullfont!
Missing character: There is no e in font nullfont!
Missing character: There is no w in font nullfont!
Missing character: There is no s in font nullfont!
Missing character: There is no o in font nullfont!
Missing character: There is no f in font nullfont!
Missing character: There is no M in font nullfont!
Missing character: There is no o in font nullfont!
Missing character: There is no d in font nullfont!
Missing character: There is no e in font nullfont!
Missing character: There is no r in font nullfont!
Missing character: There is no n in font nullfont!
Missing character: There is no P in font nullfont!
Missing character: There is no h in font nullfont!
Missing character: There is no y in font nullfont!
Missing character: There is no s in font nullfont!
Missing character: There is no i in font nullfont!
Missing character: There is no c in font nullfont!
Missing character: There is no s in font nullfont!
Missing character: There is no , in font nullfont!
Missing character: There is no J in font nullfont!
Missing character: There is no u in font nullfont!
Missing character: There is no l in font nullfont!
Missing character: There is no y in font nullfont!
Missing character: There is no 1 in font nullfont!
Missing character: There is no 9 in font nullfont!
Missing character: There is no 5 in font nullfont!
Missing character: There is no 7 in font nullfont!
Missing character: There is no . in font nullfont!

Overfull \hbox (15.9832pt too wide) in paragraph at lines 11--12
\OT1/cmr/m/it/10 Dy-
 []


Overfull \hbox (22.48875pt too wide) in paragraph at lines 11--12
\OT1/cmr/m/it/10 nam-
 []


Overfull \hbox (6.6444pt too wide) in paragraph at lines 11--12
\OT1/cmr/m/it/10 i-
 []


Overfull \hbox (11.75546pt too wide) in paragraph at lines 11--12
\OT1/cmr/m/it/10 cal
 []


Overfull \hbox (20.44429pt too wide) in paragraph at lines 11--12
\OT1/cmr/m/it/10 The-
 []


Overfull \hbox (14.18323pt too wide) in paragraph at lines 11--12
\OT1/cmr/m/it/10 ory
 []


Overfull \hbox (8.68884pt too wide) in paragraph at lines 11--12
\OT1/cmr/m/it/10 in
 []


Overfull \hbox (30.53865pt too wide) in paragraph at lines 11--12
\OT1/cmr/m/it/10 Curved
 []


Overfull \hbox (31.17755pt too wide) in paragraph at lines 11--12
\OT1/cmr/m/it/10 Spaces.
 []


Overfull \hbox (6.92218pt too wide) in paragraph at lines 11--12
\OT1/cmr/m/it/10 I.
 []


Overfull \hbox (7.43329pt too wide) in paragraph at lines 11--12
\OT1/cmr/m/it/10 A
 []


Overfull \hbox (14.96098pt too wide) in paragraph at lines 11--12
\OT1/cmr/m/it/10 Re-
 []


Overfull \hbox (18.91098pt too wide) in paragraph at lines 11--12
\OT1/cmr/m/it/10 view
 []


Overfull \hbox (8.17773pt too wide) in paragraph at lines 11--12
\OT1/cmr/m/it/10 of
 []


Overfull \hbox (13.03323pt too wide) in paragraph at lines 11--12
\OT1/cmr/m/it/10 the
 []


Overfull \hbox (22.48874pt too wide) in paragraph at lines 11--12
\OT1/cmr/m/it/10 Clas-
 []


Overfull \hbox (10.73326pt too wide) in paragraph at lines 11--12
\OT1/cmr/m/it/10 si-
 []


Overfull \hbox (11.75546pt too wide) in paragraph at lines 11--12
\OT1/cmr/m/it/10 cal
 []


Overfull \hbox (15.84436pt too wide) in paragraph at lines 11--12
\OT1/cmr/m/it/10 and
 []


Overfull \hbox (27.34428pt too wide) in paragraph at lines 11--12
\OT1/cmr/m/it/10 Quan-
 []


Overfull \hbox (16.86656pt too wide) in paragraph at lines 11--12
\OT1/cmr/m/it/10 tum
 []


Overfull \hbox (15.09987pt too wide) in paragraph at lines 11--12
\OT1/cmr/m/it/10 Ac-
 []


Overfull \hbox (17.12212pt too wide) in paragraph at lines 11--12
\OT1/cmr/m/it/10 tion
 []


Overfull \hbox (23.26651pt too wide) in paragraph at lines 11--12
\OT1/cmr/m/it/10 Prin-
 []


Overfull \hbox (11.24435pt too wide) in paragraph at lines 11--12
\OT1/cmr/m/it/10 ci-
 []


Overfull \hbox (19.4221pt too wide) in paragraph at lines 11--12
\OT1/cmr/m/it/10 ples.
 []

Missing character: There is no [ in font nullfont!
Missing character: There is no 9 in font nullfont!
Missing character: There is no ] in font nullfont!
Missing character: There is no B in font nullfont!
Missing character: There is no r in font nullfont!
Missing character: There is no y in font nullfont!
Missing character: There is no c in font nullfont!
Missing character: There is no e in font nullfont!
Missing character: There is no D in font nullfont!
Missing character: There is no e in font nullfont!
Missing character: There is no W in font nullfont!
Missing character: There is no i in font nullfont!
Missing character: There is no t in font nullfont!
Missing character: There is no t in font nullfont!
Missing character: There is no ; in font nullfont!
Missing character: There is no ; in font nullfont!
Missing character: There is no R in font nullfont!
Missing character: There is no e in font nullfont!
Missing character: There is no v in font nullfont!
Missing character: There is no i in font nullfont!
Missing character: There is no e in font nullfont!
Missing character: There is no w in font nullfont!
Missing character: There is no s in font nullfont!
Missing character: There is no o in font nullfont!
Missing character: There is no f in font nullfont!
Missing character: There is no M in font nullfont!
Missing character: There is no o in font nullfont!
Missing character: There is no d in font nullfont!
Missing character: There is no e in font nullfont!
Missing character: There is no r in font nullfont!
Missing character: There is no n in font nullfont!
Missing character: There is no P in font nullfont!
Missing character: There is no h in font nullfont!
Missing character: There is no y in font nullfont!
Missing character: There is no s in font nullfont!
Missing character: There is no i in font nullfont!
Missing character: There is no c in font nullfont!
Missing character: There is no s in font nullfont!
Missing character: There is no , in font nullfont!
Missing character: There is no J in font nullfont!
Missing character: There is no u in font nullfont!
Missing character: There is no l in font nullfont!
Missing character: There is no y in font nullfont!
Missing character: There is no 1 in font nullfont!
Missing character: There is no 9 in font nullfont!
Missing character: There is no 5 in font nullfont!
Missing character: There is no 7 in font nullfont!
Missing character: There is no . in font nullfont!

Overfull \hbox (15.9832pt too wide) in paragraph at lines 12--13
\OT1/cmr/m/it/10 Dy-
 []


Overfull \hbox (22.48875pt too wide) in paragraph at lines 12--13
\OT1/cmr/m/it/10 nam-
 []


Overfull \hbox (6.6444pt too wide) in paragraph at lines 12--13
\OT1/cmr/m/it/10 i-
 []


Overfull \hbox (11.75546pt too wide) in paragraph at lines 12--13
\OT1/cmr/m/it/10 cal
 []


Overfull \hbox (20.44429pt too wide) in paragraph at lines 12--13
\OT1/cmr/m/it/10 The-
 []


Overfull \hbox (14.18323pt too wide) in paragraph at lines 12--13
\OT1/cmr/m/it/10 ory
 []


Overfull \hbox (8.68884pt too wide) in paragraph at lines 12--13
\OT1/cmr/m/it/10 in
 []


Overfull \hbox (30.53865pt too wide) in paragraph at lines 12--13
\OT1/cmr/m/it/10 Curved
 []


Overfull \hbox (31.17755pt too wide) in paragraph at lines 12--13
\OT1/cmr/m/it/10 Spaces.
 []


Overfull \hbox (6.92218pt too wide) in paragraph at lines 12--13
\OT1/cmr/m/it/10 I.
 []


Overfull \hbox (7.43329pt too wide) in paragraph at lines 12--13
\OT1/cmr/m/it/10 A
 []


Overfull \hbox (14.96098pt too wide) in paragraph at lines 12--13
\OT1/cmr/m/it/10 Re-
 []


Overfull \hbox (18.91098pt too wide) in paragraph at lines 12--13
\OT1/cmr/m/it/10 view
 []


Overfull \hbox (8.17773pt too wide) in paragraph at lines 12--13
\OT1/cmr/m/it/10 of
 []


Overfull \hbox (13.03323pt too wide) in paragraph at lines 12--13
\OT1/cmr/m/it/10 the
 []


Overfull \hbox (22.48874pt too wide) in paragraph at lines 12--13
\OT1/cmr/m/it/10 Clas-
 []


Overfull \hbox (10.73326pt too wide) in paragraph at lines 12--13
\OT1/cmr/m/it/10 si-
 []


Overfull \hbox (11.75546pt too wide) in paragraph at lines 12--13
\OT1/cmr/m/it/10 cal
 []


Overfull \hbox (15.84436pt too wide) in paragraph at lines 12--13
\OT1/cmr/m/it/10 and
 []


Overfull \hbox (27.34428pt too wide) in paragraph at lines 12--13
\OT1/cmr/m/it/10 Quan-
 []


Overfull \hbox (16.86656pt too wide) in paragraph at lines 12--13
\OT1/cmr/m/it/10 tum
 []


Overfull \hbox (15.09987pt too wide) in paragraph at lines 12--13
\OT1/cmr/m/it/10 Ac-
 []


Overfull \hbox (17.12212pt too wide) in paragraph at lines 12--13
\OT1/cmr/m/it/10 tion
 []


Overfull \hbox (23.26651pt too wide) in paragraph at lines 12--13
\OT1/cmr/m/it/10 Prin-
 []


Overfull \hbox (11.24435pt too wide) in paragraph at lines 12--13
\OT1/cmr/m/it/10 ci-
 []


Overfull \hbox (19.4221pt too wide) in paragraph at lines 12--13
\OT1/cmr/m/it/10 ples.
 []

Missing character: There is no [ in font nullfont!
Missing character: There is no 1 in font nullfont!
Missing character: There is no 0 in font nullfont!
Missing character: There is no ] in font nullfont!
Missing character: There is no C in font nullfont!
Missing character: There is no h in font nullfont!
Missing character: There is no r in font nullfont!
Missing character: There is no i in font nullfont!
Missing character: There is no s in font nullfont!
Missing character: There is no t in font nullfont!
Missing character: There is no i in font nullfont!
Missing character: There is no a in font nullfont!
Missing character: There is no n in font nullfont!
Missing character: There is no G in font nullfont!
Missing character: There is no r in font nullfont!
Missing character: There is no o in font nullfont!
Missing character: There is no s in font nullfont!
Missing character: There is no c in font nullfont!
Missing character: There is no h in font nullfont!
Missing character: There is no e in font nullfont!
Missing character: There is no ; in font nullfont!
Missing character: There is no ; in font nullfont!
Missing character: There is no a in font nullfont!
Missing character: There is no r in font nullfont!
Missing character: There is no X in font nullfont!
Missing character: There is no i in font nullfont!
Missing character: There is no v in font nullfont!
Missing character: There is no : in font nullfont!
Missing character: There is no h in font nullfont!
Missing character: There is no e in font nullfont!
Missing character: There is no p in font nullfont!
Missing character: There is no - in font nullfont!
Missing character: There is no t in font nullfont!
Missing character: There is no h in font nullfont!
Missing character: There is no / in font nullfont!
Missing character: There is no 9 in font nullfont!
Missing character: There is no 3 in font nullfont!
Missing character: There is no 0 in font nullfont!
Missing character: There is no 2 in font nullfont!
Missing character: There is no 0 in font nullfont!
Missing character: There is no 9 in font nullfont!
Missing character: There is no 7 in font nullfont!
Missing character: There is no v in font nullfont!
Missing character: There is no 1 in font nullfont!
Missing character: There is no 2 in font nullfont!
Missing character: There is no 0 in font nullfont!
Missing character: There is no F in font nullfont!
Missing character: There is no e in font nullfont!
Missing character: There is no b in font nullfont!
Missing character: There is no 1 in font nullfont!
Missing character: There is no 9 in font nullfont!
Missing character: There is no 9 in font nullfont!
Missing character: There is no 3 in font nullfont!
Missing character: There is no . in font nullfont!

Overfull \hbox (14.86658pt too wide) in paragraph at lines 13--15
\OT1/cmr/m/it/10 AN
 []


Overfull \hbox (14.86656pt too wide) in paragraph at lines 13--15
\OT1/cmr/m/it/10 IN-
 []


Overfull \hbox (25.4387pt too wide) in paragraph at lines 13--15
\OT1/cmr/m/it/10 TRO-
 []


Overfull \hbox (25.71648pt too wide) in paragraph at lines 13--15
\OT1/cmr/m/it/10 DUC-
 []


Overfull \hbox (26.11095pt too wide) in paragraph at lines 13--15
\OT1/cmr/m/it/10 TION
 []


Overfull \hbox (26.11095pt too wide) in paragraph at lines 13--15
\OT1/cmr/m/it/10 INTO
 []


Overfull \hbox (21.37209pt too wide) in paragraph at lines 13--15
\OT1/cmr/m/it/10 THE
 []


Overfull \hbox (31.75534pt too wide) in paragraph at lines 13--15
\OT1/cmr/m/it/10 FEYN-
 []


Overfull \hbox (23.83319pt too wide) in paragraph at lines 13--15
\OT1/cmr/m/it/10 MAN
 []


Overfull \hbox (27.27205pt too wide) in paragraph at lines 13--15
\OT1/cmr/m/it/10 PATH
 []


Overfull \hbox (14.86656pt too wide) in paragraph at lines 13--15
\OT1/cmr/m/it/10 IN-
 []


Overfull \hbox (17.51654pt too wide) in paragraph at lines 13--15
\OT1/cmr/m/it/10 TE-
 []


Overfull \hbox (31.80258pt too wide) in paragraph at lines 13--15
\OT1/cmr/m/it/10 GRAL.
 []


! LaTeX Error: The font size command \normalsize is not defined:
               there is probably something wrong with the class file.

See the LaTeX manual or LaTeX Companion for explanation.
Type  H <return>  for immediate help.
 ...                                              
                                                  
l.15 \item[[11]
               ]  . Duru and H. Kleinert;\textit{Solution of the Path Integr...

Your command was ignored.
Type  I <command> <return>  to replace it with another command,
or  <return>  to continue without it.

[1{C:/Users/diego/AppData/Local/MiKTeX/2.9/pdftex/config/pdftex.map}]
Missing character: There is no [ in font nullfont!
Missing character: There is no 1 in font nullfont!
Missing character: There is no 1 in font nullfont!
Missing character: There is no ] in font nullfont!
Missing character: There is no . in font nullfont!
Missing character: There is no D in font nullfont!
Missing character: There is no u in font nullfont!
Missing character: There is no r in font nullfont!
Missing character: There is no u in font nullfont!
Missing character: There is no a in font nullfont!
Missing character: There is no n in font nullfont!
Missing character: There is no d in font nullfont!
Missing character: There is no H in font nullfont!
Missing character: There is no . in font nullfont!
Missing character: There is no K in font nullfont!
Missing character: There is no l in font nullfont!
Missing character: There is no e in font nullfont!
Missing character: There is no i in font nullfont!
Missing character: There is no n in font nullfont!
Missing character: There is no e in font nullfont!
Missing character: There is no r in font nullfont!
Missing character: There is no t in font nullfont!
Missing character: There is no ; in font nullfont!
Missing character: There is no ; in font nullfont!
Missing character: There is no P in font nullfont!
Missing character: There is no h in font nullfont!
Missing character: There is no y in font nullfont!
Missing character: There is no s in font nullfont!
Missing character: There is no . in font nullfont!
Missing character: There is no L in font nullfont!
Missing character: There is no e in font nullfont!
Missing character: There is no t in font nullfont!
Missing character: There is no t in font nullfont!
Missing character: There is no e in font nullfont!
Missing character: There is no r in font nullfont!
Missing character: There is no s in font nullfont!
Missing character: There is no B in font nullfont!
Missing character: There is no 8 in font nullfont!
Missing character: There is no 4 in font nullfont!
Missing character: There is no , in font nullfont!
Missing character: There is no 1 in font nullfont!
Missing character: There is no 8 in font nullfont!
Missing character: There is no 5 in font nullfont!
Missing character: There is no ( in font nullfont!
Missing character: There is no 1 in font nullfont!
Missing character: There is no 9 in font nullfont!
Missing character: There is no 7 in font nullfont!
Missing character: There is no 9 in font nullfont!
Missing character: There is no ) in font nullfont!
Missing character: There is no . in font nullfont!

Overfull \hbox (14.31102pt too wide) in paragraph at lines 15--16
\OT1/cmr/m/it/10 So-
 []


Overfull \hbox (11.49992pt too wide) in paragraph at lines 15--16
\OT1/cmr/m/it/10 lu-
 []


Overfull \hbox (17.12212pt too wide) in paragraph at lines 15--16
\OT1/cmr/m/it/10 tion
 []


Overfull \hbox (8.17773pt too wide) in paragraph at lines 15--16
\OT1/cmr/m/it/10 of
 []


Overfull \hbox (13.03323pt too wide) in paragraph at lines 15--16
\OT1/cmr/m/it/10 the
 []


Overfull \hbox (20.32765pt too wide) in paragraph at lines 15--16
\OT1/cmr/m/it/10 Path
 []


Overfull \hbox (13.05547pt too wide) in paragraph at lines 15--16
\OT1/cmr/m/it/10 In-
 []


Overfull \hbox (11.4999pt too wide) in paragraph at lines 15--16
\OT1/cmr/m/it/10 te-
 []


Overfull \hbox (15.97209pt too wide) in paragraph at lines 15--16
\OT1/cmr/m/it/10 gral
 []


Overfull \hbox (12.39436pt too wide) in paragraph at lines 15--16
\OT1/cmr/m/it/10 for
 []


Overfull \hbox (13.03323pt too wide) in paragraph at lines 15--16
\OT1/cmr/m/it/10 the
 []


Overfull \hbox (11.01103pt too wide) in paragraph at lines 15--16
\OT1/cmr/m/it/10 H-
 []


Overfull \hbox (26.85538pt too wide) in paragraph at lines 15--16
\OT1/cmr/m/it/10 Atom.
 []

Missing character: There is no [ in font nullfont!
Missing character: There is no 1 in font nullfont!
Missing character: There is no 2 in font nullfont!
Missing character: There is no ] in font nullfont!
Missing character: There is no . in font nullfont!
Missing character: There is no D in font nullfont!
Missing character: There is no u in font nullfont!
Missing character: There is no r in font nullfont!
Missing character: There is no u in font nullfont!
Missing character: There is no a in font nullfont!
Missing character: There is no n in font nullfont!
Missing character: There is no d in font nullfont!
Missing character: There is no H in font nullfont!
Missing character: There is no . in font nullfont!
Missing character: There is no K in font nullfont!
Missing character: There is no l in font nullfont!
Missing character: There is no e in font nullfont!
Missing character: There is no i in font nullfont!
Missing character: There is no n in font nullfont!
Missing character: There is no e in font nullfont!
Missing character: There is no r in font nullfont!
Missing character: There is no t in font nullfont!
Missing character: There is no ; in font nullfont!
Missing character: There is no ; in font nullfont!
Missing character: There is no F in font nullfont!
Missing character: There is no o in font nullfont!
Missing character: There is no r in font nullfont!
Missing character: There is no t in font nullfont!
Missing character: There is no s in font nullfont!
Missing character: There is no c in font nullfont!
Missing character: There is no h in font nullfont!
Missing character: There is no r in font nullfont!
Missing character: There is no . in font nullfont!
Missing character: There is no d in font nullfont!
Missing character: There is no . in font nullfont!
Missing character: There is no P in font nullfont!
Missing character: There is no h in font nullfont!
Missing character: There is no y in font nullfont!
Missing character: There is no s in font nullfont!
Missing character: There is no . in font nullfont!
Missing character: There is no 3 in font nullfont!
Missing character: There is no 0 in font nullfont!
Missing character: There is no , in font nullfont!
Missing character: There is no 4 in font nullfont!
Missing character: There is no 0 in font nullfont!
Missing character: There is no 1 in font nullfont!
Missing character: There is no ( in font nullfont!
Missing character: There is no 1 in font nullfont!
Missing character: There is no 9 in font nullfont!
Missing character: There is no 8 in font nullfont!
Missing character: There is no 2 in font nullfont!
Missing character: There is no ) in font nullfont!
Missing character: There is no . in font nullfont!

Overfull \hbox (27.34428pt too wide) in paragraph at lines 16--17
\OT1/cmr/m/it/10 Quan-
 []


Overfull \hbox (16.86656pt too wide) in paragraph at lines 16--17
\OT1/cmr/m/it/10 tum
 []


Overfull \hbox (17.14432pt too wide) in paragraph at lines 16--17
\OT1/cmr/m/it/10 Me-
 []


Overfull \hbox (24.02206pt too wide) in paragraph at lines 16--17
\OT1/cmr/m/it/10 chan-
 []


Overfull \hbox (11.75548pt too wide) in paragraph at lines 16--17
\OT1/cmr/m/it/10 ics
 []


Overfull \hbox (8.17773pt too wide) in paragraph at lines 16--17
\OT1/cmr/m/it/10 of
 []


Overfull \hbox (11.01103pt too wide) in paragraph at lines 16--17
\OT1/cmr/m/it/10 H-
 []


Overfull \hbox (23.78873pt too wide) in paragraph at lines 16--17
\OT1/cmr/m/it/10 Atom
 []


Overfull \hbox (20.06097pt too wide) in paragraph at lines 16--17
\OT1/cmr/m/it/10 from
 []


Overfull \hbox (20.32765pt too wide) in paragraph at lines 16--17
\OT1/cmr/m/it/10 Path
 []


Overfull \hbox (13.05547pt too wide) in paragraph at lines 16--17
\OT1/cmr/m/it/10 In-
 []


Overfull \hbox (11.4999pt too wide) in paragraph at lines 16--17
\OT1/cmr/m/it/10 te-
 []


Overfull \hbox (23.12761pt too wide) in paragraph at lines 16--17
\OT1/cmr/m/it/10 grals.
 []

)
! Emergency stop.
<*> Chapter4.tex
                
*** (job aborted, no legal \end found)

 
Here is how much of TeX's memory you used:
 15 strings out of 493673
 176 string characters out of 3141530
 57455 words of memory out of 3000000
 3459 multiletter control sequences out of 15000+200000
 4154 words of font info for 16 fonts, out of 3000000 for 9000
 1025 hyphenation exceptions out of 8191
 20i,4n,15p,199b,159s stack positions out of 5000i,500n,10000p,200000b,50000s
!  ==> Fatal error occurred, no output PDF file produced!
